===================================================
自动归档日志：

开始时间：2015年11月25日 23:40:54
Outlook 文件夹：polytech
归档 PDF 文件：D:\Documents and Settings\lyz\My Documents\mail_achv.pdf
请求转换：160
已转换为 PDF：160
跳过 [已在 PDF 中]：0
跳过 [PDFMaker 转换失败]：0
---------------------------------------------------
===================================================
自动归档日志：

开始时间：2015年11月25日 23:40:54
Outlook 文件夹：发件箱
归档 PDF 文件：D:\Documents and Settings\lyz\My Documents\mail_achv.pdf
请求转换：0
已转换为 PDF：0
跳过 [已在 PDF 中]：0
跳过 [PDFMaker 转换失败]：0
---------------------------------------------------
===================================================
自动归档日志：

开始时间：2015年11月25日 23:40:54
Outlook 文件夹：发件箱
归档 PDF 文件：D:\Documents and Settings\lyz\My Documents\mail_achv.pdf
请求转换：0
已转换为 PDF：0
跳过 [已在 PDF 中]：0
跳过 [PDFMaker 转换失败]：0
---------------------------------------------------
===================================================
自动归档日志：

开始时间：2015年11月25日 23:40:54
Outlook 文件夹：收件箱
归档 PDF 文件：D:\Documents and Settings\lyz\My Documents\mail_achv.pdf
请求转换：2141
已转换为 PDF：2141
跳过 [已在 PDF 中]：0
跳过 [PDFMaker 转换失败]：0
---------------------------------------------------
===================================================
自动归档日志：

开始时间：2015年11月25日 23:40:54
Outlook 文件夹：leegggg0@hotmail.com
归档 PDF 文件：D:\Documents and Settings\lyz\My Documents\mail_achv20151125.pdf
请求转换：0
已转换为 PDF：0
跳过 [已在 PDF 中]：0
跳过 [PDFMaker 转换失败]：0
---------------------------------------------------
===================================================
自动归档日志：

开始时间：2015年11月25日 23:40:54
Outlook 文件夹：leegggg0@hotmail.com
归档 PDF 文件：D:\Documents and Settings\lyz\My Documents\mail_achv20151125.pdf
请求转换：0
已转换为 PDF：0
跳过 [已在 PDF 中]：0
跳过 [PDFMaker 转换失败]：0
---------------------------------------------------
===================================================
自动归档日志：

开始时间：2015年11月25日 23:40:54
Outlook 文件夹：@126 - leegggg
归档 PDF 文件：D:\Documents and Settings\lyz\My Documents\mail_achv20151125.pdf
请求转换：718
已转换为 PDF：718
跳过 [已在 PDF 中]：0
跳过 [PDFMaker 转换失败]：0
---------------------------------------------------
===================================================
自动归档日志：

开始时间：2015年11月25日 23:40:54
Outlook 文件夹：@leegggg.5gbfree - leegggg
归档 PDF 文件：D:\Documents and Settings\lyz\My Documents\mail_achv20151125.pdf
请求转换：0
已转换为 PDF：0
跳过 [已在 PDF 中]：0
跳过 [PDFMaker 转换失败]：0
---------------------------------------------------
===================================================
自动归档日志：

开始时间：2015年11月25日 23:40:54
Outlook 文件夹：@leegggg.5gbfree - leegggg
归档 PDF 文件：D:\Documents and Settings\lyz\My Documents\mail_achv20151125.pdf
请求转换：0
已转换为 PDF：0
跳过 [已在 PDF 中]：0
跳过 [PDFMaker 转换失败]：0
---------------------------------------------------
===================================================
自动归档日志：

开始时间：2015年11月25日 23:40:54
Outlook 文件夹：Archives
归档 PDF 文件：D:\Documents and Settings\lyz\My Documents\mail_achv20151125.pdf
请求转换：0
已转换为 PDF：0
跳过 [已在 PDF 中]：0
跳过 [PDFMaker 转换失败]：0
---------------------------------------------------
===================================================
自动归档日志：

开始时间：2015年11月25日 23:40:54
Outlook 文件夹：Archives
归档 PDF 文件：D:\Documents and Settings\lyz\My Documents\mail_achv20151125.pdf
请求转换：0
已转换为 PDF：0
跳过 [已在 PDF 中]：0
跳过 [PDFMaker 转换失败]：0
---------------------------------------------------
===================================================
自动归档日志：

开始时间：2015年11月25日 23:40:54
Outlook 文件夹：2014
归档 PDF 文件：D:\Documents and Settings\lyz\My Documents\mail_achv20151125.pdf
请求转换：0
已转换为 PDF：0
跳过 [已在 PDF 中]：0
跳过 [PDFMaker 转换失败]：0
---------------------------------------------------
===================================================
自动归档日志：

开始时间：2015年11月25日 23:40:54
Outlook 文件夹：2014
归档 PDF 文件：D:\Documents and Settings\lyz\My Documents\mail_achv20151125.pdf
请求转换：0
已转换为 PDF：0
跳过 [已在 PDF 中]：0
跳过 [PDFMaker 转换失败]：0
---------------------------------------------------
===================================================
自动归档日志：

开始时间：2015年11月25日 23:40:54
Outlook 文件夹：Galina@live.cn
归档 PDF 文件：D:\Documents and Settings\lyz\My Documents\mail_achv20151125.pdf
请求转换：49
已转换为 PDF：49
跳过 [已在 PDF 中]：0
跳过 [PDFMaker 转换失败]：0
---------------------------------------------------
===================================================
自动归档日志：

开始时间：2015年11月25日 23:40:54
Outlook 文件夹：polytech
归档 PDF 文件：D:\Documents and Settings\lyz\My Documents\mail_achv.pdf
请求转换：161
已转换为 PDF：1
跳过 [已在 PDF 中]：160
跳过 [PDFMaker 转换失败]：0
---------------------------------------------------
===================================================
自动归档日志：

开始时间：2015年11月25日 23:40:54
Outlook 文件夹：发件箱
归档 PDF 文件：D:\Documents and Settings\lyz\My Documents\mail_achv.pdf
请求转换：0
已转换为 PDF：0
跳过 [已在 PDF 中]：0
跳过 [PDFMaker 转换失败]：0
---------------------------------------------------
===================================================
自动归档日志：

开始时间：2015年11月25日 23:40:54
Outlook 文件夹：发件箱
归档 PDF 文件：D:\Documents and Settings\lyz\My Documents\mail_achv.pdf
请求转换：0
已转换为 PDF：0
跳过 [已在 PDF 中]：0
跳过 [PDFMaker 转换失败]：0
---------------------------------------------------
===================================================
自动归档日志：

开始时间：2015年11月25日 23:40:54
Outlook 文件夹：polytech
归档 PDF 文件：D:\Documents and Settings\lyz\My Documents\mail_achv.pdf
请求转换：162
已转换为 PDF：1
跳过 [已在 PDF 中]：161
跳过 [PDFMaker 转换失败]：0
---------------------------------------------------
===================================================
自动归档日志：

开始时间：2015年11月25日 23:40:54
Outlook 文件夹：发件箱
归档 PDF 文件：D:\Documents and Settings\lyz\My Documents\mail_achv.pdf
请求转换：0
已转换为 PDF：0
跳过 [已在 PDF 中]：0
跳过 [PDFMaker 转换失败]：0
---------------------------------------------------
===================================================
自动归档日志：

开始时间：2015年11月25日 23:40:54
Outlook 文件夹：发件箱
归档 PDF 文件：D:\Documents and Settings\lyz\My Documents\mail_achv.pdf
请求转换：0
已转换为 PDF：0
跳过 [已在 PDF 中]：0
跳过 [PDFMaker 转换失败]：0
---------------------------------------------------
===================================================
自动归档日志：

开始时间：2015年11月25日 23:40:54
Outlook 文件夹：收件箱
归档 PDF 文件：D:\Documents and Settings\lyz\My Documents\mail_achv.pdf
请求转换：2152
已转换为 PDF：11
跳过 [已在 PDF 中]：2141
跳过 [PDFMaker 转换失败]：0
---------------------------------------------------
===================================================
自动归档日志：

开始时间：2015年11月25日 23:40:54
Outlook 文件夹：leegggg0@hotmail.com
归档 PDF 文件：D:\Documents and Settings\lyz\My Documents\mail_achv20151125.pdf
请求转换：0
已转换为 PDF：0
跳过 [已在 PDF 中]：0
跳过 [PDFMaker 转换失败]：0
---------------------------------------------------
===================================================
自动归档日志：

开始时间：2015年11月25日 23:40:54
Outlook 文件夹：leegggg0@hotmail.com
归档 PDF 文件：D:\Documents and Settings\lyz\My Documents\mail_achv20151125.pdf
请求转换：0
已转换为 PDF：0
跳过 [已在 PDF 中]：0
跳过 [PDFMaker 转换失败]：0
---------------------------------------------------
===================================================
自动归档日志：

开始时间：2015年11月25日 23:40:54
Outlook 文件夹：@126 - leegggg
归档 PDF 文件：D:\Documents and Settings\lyz\My Documents\mail_achv20151125.pdf
请求转换：718
已转换为 PDF：0
跳过 [已在 PDF 中]：718
跳过 [PDFMaker 转换失败]：0
---------------------------------------------------
===================================================
自动归档日志：

开始时间：2015年11月25日 23:40:54
Outlook 文件夹：@leegggg.5gbfree - leegggg
归档 PDF 文件：D:\Documents and Settings\lyz\My Documents\mail_achv20151125.pdf
请求转换：0
已转换为 PDF：0
跳过 [已在 PDF 中]：0
跳过 [PDFMaker 转换失败]：0
---------------------------------------------------
===================================================
自动归档日志：

开始时间：2015年11月25日 23:40:54
Outlook 文件夹：@leegggg.5gbfree - leegggg
归档 PDF 文件：D:\Documents and Settings\lyz\My Documents\mail_achv20151125.pdf
请求转换：0
已转换为 PDF：0
跳过 [已在 PDF 中]：0
跳过 [PDFMaker 转换失败]：0
---------------------------------------------------
===================================================
自动归档日志：

开始时间：2015年11月25日 23:40:54
Outlook 文件夹：Archives
归档 PDF 文件：D:\Documents and Settings\lyz\My Documents\mail_achv20151125.pdf
请求转换：0
已转换为 PDF：0
跳过 [已在 PDF 中]：0
跳过 [PDFMaker 转换失败]：0
---------------------------------------------------
===================================================
自动归档日志：

开始时间：2015年11月25日 23:40:54
Outlook 文件夹：Archives
归档 PDF 文件：D:\Documents and Settings\lyz\My Documents\mail_achv20151125.pdf
请求转换：0
已转换为 PDF：0
跳过 [已在 PDF 中]：0
跳过 [PDFMaker 转换失败]：0
---------------------------------------------------
===================================================
自动归档日志：

开始时间：2015年11月25日 23:40:54
Outlook 文件夹：2014
归档 PDF 文件：D:\Documents and Settings\lyz\My Documents\mail_achv20151125.pdf
请求转换：0
已转换为 PDF：0
跳过 [已在 PDF 中]：0
跳过 [PDFMaker 转换失败]：0
---------------------------------------------------
===================================================
自动归档日志：

开始时间：2015年11月25日 23:40:54
Outlook 文件夹：2014
归档 PDF 文件：D:\Documents and Settings\lyz\My Documents\mail_achv20151125.pdf
请求转换：0
已转换为 PDF：0
跳过 [已在 PDF 中]：0
跳过 [PDFMaker 转换失败]：0
---------------------------------------------------
===================================================
自动归档日志：

开始时间：2015年11月25日 23:40:54
Outlook 文件夹：Galina@live.cn
归档 PDF 文件：D:\Documents and Settings\lyz\My Documents\mail_achv20151125.pdf
请求转换：49
已转换为 PDF：0
跳过 [已在 PDF 中]：49
跳过 [PDFMaker 转换失败]：0
---------------------------------------------------
===================================================
自动归档日志：

开始时间：2015年11月25日 23:40:54
Outlook 文件夹：googlealerts
归档 PDF 文件：D:\Documents and Settings\lyz\My Documents\mail_achv20151125.pdf
请求转换：5450
已转换为 PDF：5450
跳过 [已在 PDF 中]：0
跳过 [PDFMaker 转换失败]：0
---------------------------------------------------
===================================================
自动归档日志：

开始时间：2015年11月25日 23:40:54
Outlook 文件夹：leegggg0@hotmail.com
归档 PDF 文件：D:\Documents and Settings\lyz\My Documents\mail_achv20151125.pdf
请求转换：0
已转换为 PDF：0
跳过 [已在 PDF 中]：0
跳过 [PDFMaker 转换失败]：0
---------------------------------------------------
===================================================
自动归档日志：

开始时间：2015年11月25日 23:40:54
Outlook 文件夹：leegggg0@hotmail.com
归档 PDF 文件：D:\Documents and Settings\lyz\My Documents\mail_achv20151125.pdf
请求转换：0
已转换为 PDF：0
跳过 [已在 PDF 中]：0
跳过 [PDFMaker 转换失败]：0
---------------------------------------------------
===================================================
自动归档日志：

开始时间：2015年11月25日 23:40:54
Outlook 文件夹：linyz1234@outlook.com
归档 PDF 文件：D:\Documents and Settings\lyz\My Documents\mail_achv20151125.pdf
请求转换：389
已转换为 PDF：389
跳过 [已在 PDF 中]：0
跳过 [PDFMaker 转换失败]：0
---------------------------------------------------
===================================================
自动归档日志：

开始时间：2015年11月25日 23:40:54
Outlook 文件夹：lyz1234@outlook.com
归档 PDF 文件：D:\Documents and Settings\lyz\My Documents\mail_achv20151125.pdf
请求转换：58
已转换为 PDF：58
跳过 [已在 PDF 中]：0
跳过 [PDFMaker 转换失败]：0
---------------------------------------------------
===================================================
自动归档日志：

开始时间：2015年11月25日 23:40:54
Outlook 文件夹：redshack
归档 PDF 文件：D:\Documents and Settings\lyz\My Documents\mail_achv20151125.pdf
请求转换：262
已转换为 PDF：262
跳过 [已在 PDF 中]：0
跳过 [PDFMaker 转换失败]：0
---------------------------------------------------
===================================================
自动归档日志：

开始时间：2015年11月25日 23:40:54
Outlook 文件夹：RSS
归档 PDF 文件：D:\Documents and Settings\lyz\My Documents\mail_achv20151125.pdf
请求转换：0
已转换为 PDF：0
跳过 [已在 PDF 中]：0
跳过 [PDFMaker 转换失败]：0
---------------------------------------------------
===================================================
自动归档日志：

开始时间：2015年11月25日 23:40:54
Outlook 文件夹：RSS
归档 PDF 文件：D:\Documents and Settings\lyz\My Documents\mail_achv20151125.pdf
请求转换：0
已转换为 PDF：0
跳过 [已在 PDF 中]：0
跳过 [PDFMaker 转换失败]：0
---------------------------------------------------
===================================================
自动归档日志：

开始时间：2015年11月25日 23:40:54
Outlook 文件夹：yizhou.lin@hotmail.com
归档 PDF 文件：D:\Documents and Settings\lyz\My Documents\mail_achv20151125.pdf
请求转换：0
已转换为 PDF：0
跳过 [已在 PDF 中]：0
跳过 [PDFMaker 转换失败]：0
---------------------------------------------------
===================================================
自动归档日志：

开始时间：2015年11月25日 23:40:54
Outlook 文件夹：yizhou.lin@hotmail.com
归档 PDF 文件：D:\Documents and Settings\lyz\My Documents\mail_achv20151125.pdf
请求转换：0
已转换为 PDF：0
跳过 [已在 PDF 中]：0
跳过 [PDFMaker 转换失败]：0
---------------------------------------------------
===================================================
自动归档日志：

开始时间：2015年11月25日 23:40:54
Outlook 文件夹：人人
归档 PDF 文件：D:\Documents and Settings\lyz\My Documents\mail_achv20151125.pdf
请求转换：28
已转换为 PDF：28
跳过 [已在 PDF 中]：0
跳过 [PDFMaker 转换失败]：0
---------------------------------------------------
===================================================
自动归档日志：

开始时间：2015年11月25日 23:40:54
Outlook 文件夹：发件箱
归档 PDF 文件：D:\Documents and Settings\lyz\My Documents\mail_achv20151125.pdf
请求转换：0
已转换为 PDF：0
跳过 [已在 PDF 中]：0
跳过 [PDFMaker 转换失败]：0
---------------------------------------------------
===================================================
自动归档日志：

开始时间：2015年11月25日 23:40:54
Outlook 文件夹：发件箱
归档 PDF 文件：D:\Documents and Settings\lyz\My Documents\mail_achv20151125.pdf
请求转换：0
已转换为 PDF：0
跳过 [已在 PDF 中]：0
跳过 [PDFMaker 转换失败]：0
---------------------------------------------------
===================================================
自动归档日志：

开始时间：2015年11月25日 23:40:54
Outlook 文件夹：同步问题 (仅限于此计算机)
归档 PDF 文件：D:\Documents and Settings\lyz\My Documents\mail_achv20151125.pdf
请求转换：0
已转换为 PDF：0
跳过 [已在 PDF 中]：0
跳过 [PDFMaker 转换失败]：0
---------------------------------------------------
===================================================
自动归档日志：

开始时间：2015年11月25日 23:40:54
Outlook 文件夹：同步问题 (仅限于此计算机)
归档 PDF 文件：D:\Documents and Settings\lyz\My Documents\mail_achv20151125.pdf
请求转换：0
已转换为 PDF：0
跳过 [已在 PDF 中]：0
跳过 [PDFMaker 转换失败]：0
---------------------------------------------------
===================================================
自动归档日志：

开始时间：2015年11月25日 23:40:54
Outlook 文件夹：冲突
归档 PDF 文件：D:\Documents and Settings\lyz\My Documents\mail_achv20151125.pdf
请求转换：0
已转换为 PDF：0
跳过 [已在 PDF 中]：0
跳过 [PDFMaker 转换失败]：0
---------------------------------------------------
===================================================
自动归档日志：

开始时间：2015年11月25日 23:40:54
Outlook 文件夹：冲突
归档 PDF 文件：D:\Documents and Settings\lyz\My Documents\mail_achv20151125.pdf
请求转换：0
已转换为 PDF：0
跳过 [已在 PDF 中]：0
跳过 [PDFMaker 转换失败]：0
---------------------------------------------------
===================================================
自动归档日志：

开始时间：2015年11月25日 23:40:54
Outlook 文件夹：本地故障
归档 PDF 文件：D:\Documents and Settings\lyz\My Documents\mail_achv20151125.pdf
请求转换：0
已转换为 PDF：0
跳过 [已在 PDF 中]：0
跳过 [PDFMaker 转换失败]：0
---------------------------------------------------
===================================================
自动归档日志：

开始时间：2015年11月25日 23:40:54
Outlook 文件夹：本地故障
归档 PDF 文件：D:\Documents and Settings\lyz\My Documents\mail_achv20151125.pdf
请求转换：0
已转换为 PDF：0
跳过 [已在 PDF 中]：0
跳过 [PDFMaker 转换失败]：0
---------------------------------------------------
===================================================
自动归档日志：

开始时间：2015年11月25日 23:40:54
Outlook 文件夹：垃圾邮件
归档 PDF 文件：D:\Documents and Settings\lyz\My Documents\mail_achv20151125.pdf
请求转换：32
已转换为 PDF：32
跳过 [已在 PDF 中]：0
跳过 [PDFMaker 转换失败]：0
---------------------------------------------------
===================================================
自动归档日志：

开始时间：2015年11月25日 23:40:54
Outlook 文件夹：对话操作设置
归档 PDF 文件：D:\Documents and Settings\lyz\My Documents\mail_achv20151125.pdf
请求转换：0
已转换为 PDF：0
跳过 [已在 PDF 中]：0
跳过 [PDFMaker 转换失败]：0
---------------------------------------------------
===================================================
自动归档日志：

开始时间：2015年11月25日 23:40:54
Outlook 文件夹：对话操作设置
归档 PDF 文件：D:\Documents and Settings\lyz\My Documents\mail_achv20151125.pdf
请求转换：0
已转换为 PDF：0
跳过 [已在 PDF 中]：0
跳过 [PDFMaker 转换失败]：0
---------------------------------------------------
===================================================
自动归档日志：

开始时间：2015年11月25日 23:40:54
Outlook 文件夹：已删除邮件
归档 PDF 文件：D:\Documents and Settings\lyz\My Documents\mail_achv20151125.pdf
请求转换：0
已转换为 PDF：0
跳过 [已在 PDF 中]：0
跳过 [PDFMaker 转换失败]：0
---------------------------------------------------
===================================================
自动归档日志：

开始时间：2015年11月25日 23:40:54
Outlook 文件夹：已删除邮件
归档 PDF 文件：D:\Documents and Settings\lyz\My Documents\mail_achv20151125.pdf
请求转换：0
已转换为 PDF：0
跳过 [已在 PDF 中]：0
跳过 [PDFMaker 转换失败]：0
---------------------------------------------------
===================================================
自动归档日志：

开始时间：2015年11月25日 23:40:54
Outlook 文件夹：POP
归档 PDF 文件：D:\Documents and Settings\lyz\My Documents\mail_achv20151125.pdf
请求转换：1
已转换为 PDF：1
跳过 [已在 PDF 中]：0
跳过 [PDFMaker 转换失败]：0
---------------------------------------------------
===================================================
自动归档日志：

开始时间：2015年11月25日 23:40:54
Outlook 文件夹：已发送邮件
归档 PDF 文件：D:\Documents and Settings\lyz\My Documents\mail_achv20151125.pdf
请求转换：162
已转换为 PDF：162
跳过 [已在 PDF 中]：0
跳过 [PDFMaker 转换失败]：0
---------------------------------------------------
===================================================
自动归档日志：

开始时间：2015年11月25日 23:40:54
Outlook 文件夹：快速步骤设置
归档 PDF 文件：D:\Documents and Settings\lyz\My Documents\mail_achv20151125.pdf
请求转换：0
已转换为 PDF：0
跳过 [已在 PDF 中]：0
跳过 [PDFMaker 转换失败]：0
---------------------------------------------------
===================================================
自动归档日志：

开始时间：2015年11月25日 23:40:54
Outlook 文件夹：快速步骤设置
归档 PDF 文件：D:\Documents and Settings\lyz\My Documents\mail_achv20151125.pdf
请求转换：0
已转换为 PDF：0
跳过 [已在 PDF 中]：0
跳过 [PDFMaker 转换失败]：0
---------------------------------------------------
===================================================
自动归档日志：

开始时间：2015年11月25日 23:40:54
Outlook 文件夹：收件箱
归档 PDF 文件：D:\Documents and Settings\lyz\My Documents\mail_achv20151125.pdf
请求转换：4738
已转换为 PDF：606
跳过 [已在 PDF 中]：0
跳过 [PDFMaker 转换失败]：4132
---------------------------------------------------
===================================================
自动归档日志：

开始时间：2015年11月25日 23:40:54
Outlook 文件夹：polytech
归档 PDF 文件：D:\Documents and Settings\lyz\My Documents\mail_achv.pdf
请求转换：163
已转换为 PDF：1
跳过 [已在 PDF 中]：162
跳过 [PDFMaker 转换失败]：0
---------------------------------------------------
===================================================
自动归档日志：

开始时间：2015年11月25日 23:40:54
Outlook 文件夹：发件箱
归档 PDF 文件：D:\Documents and Settings\lyz\My Documents\mail_achv.pdf
请求转换：0
已转换为 PDF：0
跳过 [已在 PDF 中]：0
跳过 [PDFMaker 转换失败]：0
---------------------------------------------------
===================================================
自动归档日志：

开始时间：2015年11月25日 23:40:54
Outlook 文件夹：发件箱
归档 PDF 文件：D:\Documents and Settings\lyz\My Documents\mail_achv.pdf
请求转换：0
已转换为 PDF：0
跳过 [已在 PDF 中]：0
跳过 [PDFMaker 转换失败]：0
---------------------------------------------------
===================================================
自动归档日志：

开始时间：2015年11月25日 23:40:54
Outlook 文件夹：收件箱
归档 PDF 文件：D:\Documents and Settings\lyz\My Documents\mail_achv.pdf
请求转换：2156
已转换为 PDF：4
跳过 [已在 PDF 中]：2152
跳过 [PDFMaker 转换失败]：0
---------------------------------------------------
===================================================
自动归档日志：

开始时间：2015年11月25日 23:40:54
Outlook 文件夹：leegggg0@hotmail.com
归档 PDF 文件：D:\Documents and Settings\lyz\My Documents\mail_achv20151125.pdf
请求转换：0
已转换为 PDF：0
跳过 [已在 PDF 中]：0
跳过 [PDFMaker 转换失败]：0
---------------------------------------------------
===================================================
自动归档日志：

开始时间：2015年11月25日 23:40:54
Outlook 文件夹：leegggg0@hotmail.com
归档 PDF 文件：D:\Documents and Settings\lyz\My Documents\mail_achv20151125.pdf
请求转换：0
已转换为 PDF：0
跳过 [已在 PDF 中]：0
跳过 [PDFMaker 转换失败]：0
---------------------------------------------------
===================================================
自动归档日志：

开始时间：2015年11月25日 23:40:54
Outlook 文件夹：@126 - leegggg
归档 PDF 文件：D:\Documents and Settings\lyz\My Documents\mail_achv20151125.pdf
请求转换：718
已转换为 PDF：0
跳过 [已在 PDF 中]：718
跳过 [PDFMaker 转换失败]：0
---------------------------------------------------
===================================================
自动归档日志：

开始时间：2015年11月25日 23:40:54
Outlook 文件夹：@leegggg.5gbfree - leegggg
归档 PDF 文件：D:\Documents and Settings\lyz\My Documents\mail_achv20151125.pdf
请求转换：0
已转换为 PDF：0
跳过 [已在 PDF 中]：0
跳过 [PDFMaker 转换失败]：0
---------------------------------------------------
===================================================
自动归档日志：

开始时间：2015年11月25日 23:40:54
Outlook 文件夹：@leegggg.5gbfree - leegggg
归档 PDF 文件：D:\Documents and Settings\lyz\My Documents\mail_achv20151125.pdf
请求转换：0
已转换为 PDF：0
跳过 [已在 PDF 中]：0
跳过 [PDFMaker 转换失败]：0
---------------------------------------------------
===================================================
自动归档日志：

开始时间：2015年11月25日 23:40:54
Outlook 文件夹：Archives
归档 PDF 文件：D:\Documents and Settings\lyz\My Documents\mail_achv20151125.pdf
请求转换：0
已转换为 PDF：0
跳过 [已在 PDF 中]：0
跳过 [PDFMaker 转换失败]：0
---------------------------------------------------
===================================================
自动归档日志：

开始时间：2015年11月25日 23:40:54
Outlook 文件夹：Archives
归档 PDF 文件：D:\Documents and Settings\lyz\My Documents\mail_achv20151125.pdf
请求转换：0
已转换为 PDF：0
跳过 [已在 PDF 中]：0
跳过 [PDFMaker 转换失败]：0
---------------------------------------------------
===================================================
自动归档日志：

开始时间：2015年11月25日 23:40:54
Outlook 文件夹：2014
归档 PDF 文件：D:\Documents and Settings\lyz\My Documents\mail_achv20151125.pdf
请求转换：0
已转换为 PDF：0
跳过 [已在 PDF 中]：0
跳过 [PDFMaker 转换失败]：0
---------------------------------------------------
===================================================
自动归档日志：

开始时间：2015年11月25日 23:40:54
Outlook 文件夹：2014
归档 PDF 文件：D:\Documents and Settings\lyz\My Documents\mail_achv20151125.pdf
请求转换：0
已转换为 PDF：0
跳过 [已在 PDF 中]：0
跳过 [PDFMaker 转换失败]：0
---------------------------------------------------
===================================================
自动归档日志：

开始时间：2015年11月25日 23:40:54
Outlook 文件夹：Galina@live.cn
归档 PDF 文件：D:\Documents and Settings\lyz\My Documents\mail_achv20151125.pdf
请求转换：49
已转换为 PDF：0
跳过 [已在 PDF 中]：49
跳过 [PDFMaker 转换失败]：0
---------------------------------------------------
===================================================
自动归档日志：

开始时间：2015年11月25日 23:40:54
Outlook 文件夹：googlealerts
归档 PDF 文件：D:\Documents and Settings\lyz\My Documents\mail_achv20151125.pdf
请求转换：5451
已转换为 PDF：1
跳过 [已在 PDF 中]：5450
跳过 [PDFMaker 转换失败]：0
---------------------------------------------------
===================================================
自动归档日志：

开始时间：2015年11月25日 23:40:54
Outlook 文件夹：leegggg0@hotmail.com
归档 PDF 文件：D:\Documents and Settings\lyz\My Documents\mail_achv20151125.pdf
请求转换：0
已转换为 PDF：0
跳过 [已在 PDF 中]：0
跳过 [PDFMaker 转换失败]：0
---------------------------------------------------
===================================================
自动归档日志：

开始时间：2015年11月25日 23:40:54
Outlook 文件夹：leegggg0@hotmail.com
归档 PDF 文件：D:\Documents and Settings\lyz\My Documents\mail_achv20151125.pdf
请求转换：0
已转换为 PDF：0
跳过 [已在 PDF 中]：0
跳过 [PDFMaker 转换失败]：0
---------------------------------------------------
===================================================
自动归档日志：

开始时间：2015年11月25日 23:40:54
Outlook 文件夹：linyz1234@outlook.com
归档 PDF 文件：D:\Documents and Settings\lyz\My Documents\mail_achv20151125.pdf
请求转换：389
已转换为 PDF：0
跳过 [已在 PDF 中]：389
跳过 [PDFMaker 转换失败]：0
---------------------------------------------------
===================================================
自动归档日志：

开始时间：2015年11月25日 23:40:54
Outlook 文件夹：lyz1234@outlook.com
归档 PDF 文件：D:\Documents and Settings\lyz\My Documents\mail_achv20151125.pdf
请求转换：58
已转换为 PDF：0
跳过 [已在 PDF 中]：58
跳过 [PDFMaker 转换失败]：0
---------------------------------------------------
===================================================
自动归档日志：

开始时间：2015年11月25日 23:40:54
Outlook 文件夹：redshack
归档 PDF 文件：D:\Documents and Settings\lyz\My Documents\mail_achv20151125.pdf
请求转换：262
已转换为 PDF：0
跳过 [已在 PDF 中]：262
跳过 [PDFMaker 转换失败]：0
---------------------------------------------------
===================================================
自动归档日志：

开始时间：2015年11月25日 23:40:54
Outlook 文件夹：RSS
归档 PDF 文件：D:\Documents and Settings\lyz\My Documents\mail_achv20151125.pdf
请求转换：0
已转换为 PDF：0
跳过 [已在 PDF 中]：0
跳过 [PDFMaker 转换失败]：0
---------------------------------------------------
===================================================
自动归档日志：

开始时间：2015年11月25日 23:40:54
Outlook 文件夹：RSS
归档 PDF 文件：D:\Documents and Settings\lyz\My Documents\mail_achv20151125.pdf
请求转换：0
已转换为 PDF：0
跳过 [已在 PDF 中]：0
跳过 [PDFMaker 转换失败]：0
---------------------------------------------------
===================================================
自动归档日志：

开始时间：2015年11月25日 23:40:54
Outlook 文件夹：yizhou.lin@hotmail.com
归档 PDF 文件：D:\Documents and Settings\lyz\My Documents\mail_achv20151125.pdf
请求转换：0
已转换为 PDF：0
跳过 [已在 PDF 中]：0
跳过 [PDFMaker 转换失败]：0
---------------------------------------------------
===================================================
自动归档日志：

开始时间：2015年11月25日 23:40:54
Outlook 文件夹：yizhou.lin@hotmail.com
归档 PDF 文件：D:\Documents and Settings\lyz\My Documents\mail_achv20151125.pdf
请求转换：0
已转换为 PDF：0
跳过 [已在 PDF 中]：0
跳过 [PDFMaker 转换失败]：0
---------------------------------------------------
===================================================
自动归档日志：

开始时间：2015年11月25日 23:40:54
Outlook 文件夹：人人
归档 PDF 文件：D:\Documents and Settings\lyz\My Documents\mail_achv20151125.pdf
请求转换：28
已转换为 PDF：0
跳过 [已在 PDF 中]：28
跳过 [PDFMaker 转换失败]：0
---------------------------------------------------
===================================================
自动归档日志：

开始时间：2015年11月25日 23:40:54
Outlook 文件夹：发件箱
归档 PDF 文件：D:\Documents and Settings\lyz\My Documents\mail_achv20151125.pdf
请求转换：0
已转换为 PDF：0
跳过 [已在 PDF 中]：0
跳过 [PDFMaker 转换失败]：0
---------------------------------------------------
===================================================
自动归档日志：

开始时间：2015年11月25日 23:40:54
Outlook 文件夹：发件箱
归档 PDF 文件：D:\Documents and Settings\lyz\My Documents\mail_achv20151125.pdf
请求转换：0
已转换为 PDF：0
跳过 [已在 PDF 中]：0
跳过 [PDFMaker 转换失败]：0
---------------------------------------------------
===================================================
自动归档日志：

开始时间：2015年11月25日 23:40:54
Outlook 文件夹：同步问题 (仅限于此计算机)
归档 PDF 文件：D:\Documents and Settings\lyz\My Documents\mail_achv20151125.pdf
请求转换：0
已转换为 PDF：0
跳过 [已在 PDF 中]：0
跳过 [PDFMaker 转换失败]：0
---------------------------------------------------
===================================================
自动归档日志：

开始时间：2015年11月25日 23:40:54
Outlook 文件夹：同步问题 (仅限于此计算机)
归档 PDF 文件：D:\Documents and Settings\lyz\My Documents\mail_achv20151125.pdf
请求转换：0
已转换为 PDF：0
跳过 [已在 PDF 中]：0
跳过 [PDFMaker 转换失败]：0
---------------------------------------------------
===================================================
自动归档日志：

开始时间：2015年11月25日 23:40:54
Outlook 文件夹：冲突
归档 PDF 文件：D:\Documents and Settings\lyz\My Documents\mail_achv20151125.pdf
请求转换：0
已转换为 PDF：0
跳过 [已在 PDF 中]：0
跳过 [PDFMaker 转换失败]：0
---------------------------------------------------
===================================================
自动归档日志：

开始时间：2015年11月25日 23:40:54
Outlook 文件夹：冲突
归档 PDF 文件：D:\Documents and Settings\lyz\My Documents\mail_achv20151125.pdf
请求转换：0
已转换为 PDF：0
跳过 [已在 PDF 中]：0
跳过 [PDFMaker 转换失败]：0
---------------------------------------------------
===================================================
自动归档日志：

开始时间：2015年11月25日 23:40:54
Outlook 文件夹：本地故障
归档 PDF 文件：D:\Documents and Settings\lyz\My Documents\mail_achv20151125.pdf
请求转换：0
已转换为 PDF：0
跳过 [已在 PDF 中]：0
跳过 [PDFMaker 转换失败]：0
---------------------------------------------------
===================================================
自动归档日志：

开始时间：2015年11月25日 23:40:54
Outlook 文件夹：本地故障
归档 PDF 文件：D:\Documents and Settings\lyz\My Documents\mail_achv20151125.pdf
请求转换：0
已转换为 PDF：0
跳过 [已在 PDF 中]：0
跳过 [PDFMaker 转换失败]：0
---------------------------------------------------
===================================================
自动归档日志：

开始时间：2015年11月25日 23:40:54
Outlook 文件夹：垃圾邮件
归档 PDF 文件：D:\Documents and Settings\lyz\My Documents\mail_achv20151125.pdf
请求转换：22
已转换为 PDF：0
跳过 [已在 PDF 中]：22
跳过 [PDFMaker 转换失败]：0
---------------------------------------------------
===================================================
自动归档日志：

开始时间：2015年11月25日 23:40:54
Outlook 文件夹：对话操作设置
归档 PDF 文件：D:\Documents and Settings\lyz\My Documents\mail_achv20151125.pdf
请求转换：0
已转换为 PDF：0
跳过 [已在 PDF 中]：0
跳过 [PDFMaker 转换失败]：0
---------------------------------------------------
===================================================
自动归档日志：

开始时间：2015年11月25日 23:40:54
Outlook 文件夹：对话操作设置
归档 PDF 文件：D:\Documents and Settings\lyz\My Documents\mail_achv20151125.pdf
请求转换：0
已转换为 PDF：0
跳过 [已在 PDF 中]：0
跳过 [PDFMaker 转换失败]：0
---------------------------------------------------
===================================================
自动归档日志：

开始时间：2015年11月25日 23:40:54
Outlook 文件夹：已删除邮件
归档 PDF 文件：D:\Documents and Settings\lyz\My Documents\mail_achv20151125.pdf
请求转换：0
已转换为 PDF：0
跳过 [已在 PDF 中]：0
跳过 [PDFMaker 转换失败]：0
---------------------------------------------------
===================================================
自动归档日志：

开始时间：2015年11月25日 23:40:54
Outlook 文件夹：已删除邮件
归档 PDF 文件：D:\Documents and Settings\lyz\My Documents\mail_achv20151125.pdf
请求转换：0
已转换为 PDF：0
跳过 [已在 PDF 中]：0
跳过 [PDFMaker 转换失败]：0
---------------------------------------------------
===================================================
自动归档日志：

开始时间：2015年11月25日 23:40:54
Outlook 文件夹：POP
归档 PDF 文件：D:\Documents and Settings\lyz\My Documents\mail_achv20151125.pdf
请求转换：1
已转换为 PDF：0
跳过 [已在 PDF 中]：1
跳过 [PDFMaker 转换失败]：0
---------------------------------------------------
===================================================
自动归档日志：

开始时间：2015年11月25日 23:40:54
Outlook 文件夹：已发送邮件
归档 PDF 文件：D:\Documents and Settings\lyz\My Documents\mail_achv20151125.pdf
请求转换：162
已转换为 PDF：5
跳过 [已在 PDF 中]：157
跳过 [PDFMaker 转换失败]：0
---------------------------------------------------
===================================================
自动归档日志：

开始时间：2015年11月25日 23:40:54
Outlook 文件夹：快速步骤设置
归档 PDF 文件：D:\Documents and Settings\lyz\My Documents\mail_achv20151125.pdf
请求转换：0
已转换为 PDF：0
跳过 [已在 PDF 中]：0
跳过 [PDFMaker 转换失败]：0
---------------------------------------------------
===================================================
自动归档日志：

开始时间：2015年11月25日 23:40:54
Outlook 文件夹：快速步骤设置
归档 PDF 文件：D:\Documents and Settings\lyz\My Documents\mail_achv20151125.pdf
请求转换：0
已转换为 PDF：0
跳过 [已在 PDF 中]：0
跳过 [PDFMaker 转换失败]：0
---------------------------------------------------
===================================================
自动归档日志：

开始时间：2015年11月28日 1:48:31
Outlook 文件夹：polytech
归档 PDF 文件：D:\Documents and Settings\lyz\My Documents\mail_achv.pdf
请求转换：165
已转换为 PDF：2
跳过 [已在 PDF 中]：163
跳过 [PDFMaker 转换失败]：0
---------------------------------------------------
===================================================
自动归档日志：

开始时间：2015年11月28日 1:48:31
Outlook 文件夹：发件箱
归档 PDF 文件：D:\Documents and Settings\lyz\My Documents\mail_achv.pdf
请求转换：0
已转换为 PDF：0
跳过 [已在 PDF 中]：0
跳过 [PDFMaker 转换失败]：0
---------------------------------------------------
===================================================
自动归档日志：

开始时间：2015年11月28日 1:48:31
Outlook 文件夹：发件箱
归档 PDF 文件：D:\Documents and Settings\lyz\My Documents\mail_achv.pdf
请求转换：0
已转换为 PDF：0
跳过 [已在 PDF 中]：0
跳过 [PDFMaker 转换失败]：0
---------------------------------------------------
===================================================
自动归档日志：

开始时间：2015年11月28日 1:48:31
Outlook 文件夹：收件箱
归档 PDF 文件：D:\Documents and Settings\lyz\My Documents\mail_achv.pdf
请求转换：2169
已转换为 PDF：0
跳过 [已在 PDF 中]：658
跳过 [PDFMaker 转换失败]：1511

µç×ÓÓÊ¼þµ½ PDF ×ª»»µÄÏêÏ¸ÐÅÏ¢£º
×ª»»Ê§°Ü£º

---------------------------------------------------
===================================================
自动归档日志：

开始时间：2015年11月28日 1:48:31
Outlook 文件夹：leegggg0@hotmail.com
归档 PDF 文件：D:\Documents and Settings\lyz\My Documents\mail_achv20151125.pdf
请求转换：0
已转换为 PDF：0
跳过 [已在 PDF 中]：0
跳过 [PDFMaker 转换失败]：0
---------------------------------------------------
===================================================
自动归档日志：

开始时间：2015年11月28日 1:48:31
Outlook 文件夹：leegggg0@hotmail.com
归档 PDF 文件：D:\Documents and Settings\lyz\My Documents\mail_achv20151125.pdf
请求转换：0
已转换为 PDF：0
跳过 [已在 PDF 中]：0
跳过 [PDFMaker 转换失败]：0
---------------------------------------------------
===================================================
自动归档日志：

开始时间：2015年11月28日 1:48:31
Outlook 文件夹：@126 - leegggg
归档 PDF 文件：D:\Documents and Settings\lyz\My Documents\mail_achv20151125.pdf
请求转换：718
已转换为 PDF：0
跳过 [已在 PDF 中]：718
跳过 [PDFMaker 转换失败]：0
---------------------------------------------------
===================================================
自动归档日志：

开始时间：2015年11月28日 1:48:31
Outlook 文件夹：@leegggg.5gbfree - leegggg
归档 PDF 文件：D:\Documents and Settings\lyz\My Documents\mail_achv20151125.pdf
请求转换：0
已转换为 PDF：0
跳过 [已在 PDF 中]：0
跳过 [PDFMaker 转换失败]：0
---------------------------------------------------
===================================================
自动归档日志：

开始时间：2015年11月28日 1:48:31
Outlook 文件夹：@leegggg.5gbfree - leegggg
归档 PDF 文件：D:\Documents and Settings\lyz\My Documents\mail_achv20151125.pdf
请求转换：0
已转换为 PDF：0
跳过 [已在 PDF 中]：0
跳过 [PDFMaker 转换失败]：0
---------------------------------------------------
===================================================
自动归档日志：

开始时间：2015年11月28日 1:48:31
Outlook 文件夹：Archives
归档 PDF 文件：D:\Documents and Settings\lyz\My Documents\mail_achv20151125.pdf
请求转换：0
已转换为 PDF：0
跳过 [已在 PDF 中]：0
跳过 [PDFMaker 转换失败]：0
---------------------------------------------------
===================================================
自动归档日志：

开始时间：2015年11月28日 1:48:31
Outlook 文件夹：Archives
归档 PDF 文件：D:\Documents and Settings\lyz\My Documents\mail_achv20151125.pdf
请求转换：0
已转换为 PDF：0
跳过 [已在 PDF 中]：0
跳过 [PDFMaker 转换失败]：0
---------------------------------------------------
===================================================
自动归档日志：

开始时间：2015年11月28日 1:48:31
Outlook 文件夹：2014
归档 PDF 文件：D:\Documents and Settings\lyz\My Documents\mail_achv20151125.pdf
请求转换：0
已转换为 PDF：0
跳过 [已在 PDF 中]：0
跳过 [PDFMaker 转换失败]：0
---------------------------------------------------
===================================================
自动归档日志：

开始时间：2015年11月28日 1:48:31
Outlook 文件夹：2014
归档 PDF 文件：D:\Documents and Settings\lyz\My Documents\mail_achv20151125.pdf
请求转换：0
已转换为 PDF：0
跳过 [已在 PDF 中]：0
跳过 [PDFMaker 转换失败]：0
---------------------------------------------------
===================================================
自动归档日志：

开始时间：2015年11月28日 1:48:31
Outlook 文件夹：Galina@live.cn
归档 PDF 文件：D:\Documents and Settings\lyz\My Documents\mail_achv20151125.pdf
请求转换：49
已转换为 PDF：0
跳过 [已在 PDF 中]：49
跳过 [PDFMaker 转换失败]：0
---------------------------------------------------
===================================================
自动归档日志：

开始时间：2015年11月28日 1:48:31
Outlook 文件夹：googlealerts
归档 PDF 文件：D:\Documents and Settings\lyz\My Documents\mail_achv20151125.pdf
请求转换：5454
已转换为 PDF：0
跳过 [已在 PDF 中]：947
跳过 [PDFMaker 转换失败]：4507

µç×ÓÓÊ¼þµ½ PDF ×ª»»µÄÏêÏ¸ÐÅÏ¢£º
×ª»»Ê§°Ü£º

---------------------------------------------------
===================================================
自动归档日志：

开始时间：2015年11月28日 1:48:31
Outlook 文件夹：leegggg0@hotmail.com
归档 PDF 文件：D:\Documents and Settings\lyz\My Documents\mail_achv20151125.pdf
请求转换：0
已转换为 PDF：0
跳过 [已在 PDF 中]：0
跳过 [PDFMaker 转换失败]：0
---------------------------------------------------
===================================================
自动归档日志：

开始时间：2015年11月28日 1:48:31
Outlook 文件夹：leegggg0@hotmail.com
归档 PDF 文件：D:\Documents and Settings\lyz\My Documents\mail_achv20151125.pdf
请求转换：0
已转换为 PDF：0
跳过 [已在 PDF 中]：0
跳过 [PDFMaker 转换失败]：0
---------------------------------------------------
===================================================
自动归档日志：

开始时间：2015年11月28日 1:48:31
Outlook 文件夹：linyz1234@outlook.com
归档 PDF 文件：D:\Documents and Settings\lyz\My Documents\mail_achv20151125.pdf
请求转换：391
已转换为 PDF：2
跳过 [已在 PDF 中]：389
跳过 [PDFMaker 转换失败]：0
---------------------------------------------------
===================================================
自动归档日志：

开始时间：2015年11月28日 1:48:31
Outlook 文件夹：lyz1234@outlook.com
归档 PDF 文件：D:\Documents and Settings\lyz\My Documents\mail_achv20151125.pdf
请求转换：58
已转换为 PDF：0
跳过 [已在 PDF 中]：58
跳过 [PDFMaker 转换失败]：0
---------------------------------------------------
===================================================
自动归档日志：

开始时间：2015年11月28日 1:48:31
Outlook 文件夹：redshack
归档 PDF 文件：D:\Documents and Settings\lyz\My Documents\mail_achv20151125.pdf
请求转换：262
已转换为 PDF：0
跳过 [已在 PDF 中]：262
跳过 [PDFMaker 转换失败]：0
---------------------------------------------------
===================================================
自动归档日志：

开始时间：2015年11月28日 1:48:31
Outlook 文件夹：RSS
归档 PDF 文件：D:\Documents and Settings\lyz\My Documents\mail_achv20151125.pdf
请求转换：0
已转换为 PDF：0
跳过 [已在 PDF 中]：0
跳过 [PDFMaker 转换失败]：0
---------------------------------------------------
===================================================
自动归档日志：

开始时间：2015年11月28日 1:48:31
Outlook 文件夹：RSS
归档 PDF 文件：D:\Documents and Settings\lyz\My Documents\mail_achv20151125.pdf
请求转换：0
已转换为 PDF：0
跳过 [已在 PDF 中]：0
跳过 [PDFMaker 转换失败]：0
---------------------------------------------------
===================================================
自动归档日志：

开始时间：2015年11月28日 1:48:31
Outlook 文件夹：yizhou.lin@hotmail.com
归档 PDF 文件：D:\Documents and Settings\lyz\My Documents\mail_achv20151125.pdf
请求转换：0
已转换为 PDF：0
跳过 [已在 PDF 中]：0
跳过 [PDFMaker 转换失败]：0
---------------------------------------------------
===================================================
自动归档日志：

开始时间：2015年11月28日 1:48:31
Outlook 文件夹：yizhou.lin@hotmail.com
归档 PDF 文件：D:\Documents and Settings\lyz\My Documents\mail_achv20151125.pdf
请求转换：0
已转换为 PDF：0
跳过 [已在 PDF 中]：0
跳过 [PDFMaker 转换失败]：0
---------------------------------------------------
===================================================
自动归档日志：

开始时间：2015年11月28日 1:48:31
Outlook 文件夹：人人
归档 PDF 文件：D:\Documents and Settings\lyz\My Documents\mail_achv20151125.pdf
请求转换：28
已转换为 PDF：0
跳过 [已在 PDF 中]：28
跳过 [PDFMaker 转换失败]：0
---------------------------------------------------
===================================================
自动归档日志：

开始时间：2015年11月28日 1:48:31
Outlook 文件夹：发件箱
归档 PDF 文件：D:\Documents and Settings\lyz\My Documents\mail_achv20151125.pdf
请求转换：0
已转换为 PDF：0
跳过 [已在 PDF 中]：0
跳过 [PDFMaker 转换失败]：0
---------------------------------------------------
===================================================
自动归档日志：

开始时间：2015年11月28日 1:48:31
Outlook 文件夹：发件箱
归档 PDF 文件：D:\Documents and Settings\lyz\My Documents\mail_achv20151125.pdf
请求转换：0
已转换为 PDF：0
跳过 [已在 PDF 中]：0
跳过 [PDFMaker 转换失败]：0
---------------------------------------------------
===================================================
自动归档日志：

开始时间：2015年11月28日 1:48:31
Outlook 文件夹：同步问题 (仅限于此计算机)
归档 PDF 文件：D:\Documents and Settings\lyz\My Documents\mail_achv20151125.pdf
请求转换：0
已转换为 PDF：0
跳过 [已在 PDF 中]：0
跳过 [PDFMaker 转换失败]：0
---------------------------------------------------
===================================================
自动归档日志：

开始时间：2015年11月28日 1:48:31
Outlook 文件夹：同步问题 (仅限于此计算机)
归档 PDF 文件：D:\Documents and Settings\lyz\My Documents\mail_achv20151125.pdf
请求转换：0
已转换为 PDF：0
跳过 [已在 PDF 中]：0
跳过 [PDFMaker 转换失败]：0
---------------------------------------------------
===================================================
自动归档日志：

开始时间：2015年11月28日 1:48:31
Outlook 文件夹：冲突
归档 PDF 文件：D:\Documents and Settings\lyz\My Documents\mail_achv20151125.pdf
请求转换：0
已转换为 PDF：0
跳过 [已在 PDF 中]：0
跳过 [PDFMaker 转换失败]：0
---------------------------------------------------
===================================================
自动归档日志：

开始时间：2015年11月28日 1:48:31
Outlook 文件夹：冲突
归档 PDF 文件：D:\Documents and Settings\lyz\My Documents\mail_achv20151125.pdf
请求转换：0
已转换为 PDF：0
跳过 [已在 PDF 中]：0
跳过 [PDFMaker 转换失败]：0
---------------------------------------------------
===================================================
自动归档日志：

开始时间：2015年11月28日 1:48:31
Outlook 文件夹：本地故障
归档 PDF 文件：D:\Documents and Settings\lyz\My Documents\mail_achv20151125.pdf
请求转换：0
已转换为 PDF：0
跳过 [已在 PDF 中]：0
跳过 [PDFMaker 转换失败]：0
---------------------------------------------------
===================================================
自动归档日志：

开始时间：2015年11月28日 1:48:31
Outlook 文件夹：本地故障
归档 PDF 文件：D:\Documents and Settings\lyz\My Documents\mail_achv20151125.pdf
请求转换：0
已转换为 PDF：0
跳过 [已在 PDF 中]：0
跳过 [PDFMaker 转换失败]：0
---------------------------------------------------
===================================================
自动归档日志：

开始时间：2015年11月28日 1:48:31
Outlook 文件夹：垃圾邮件
归档 PDF 文件：D:\Documents and Settings\lyz\My Documents\mail_achv20151125.pdf
请求转换：25
已转换为 PDF：3
跳过 [已在 PDF 中]：22
跳过 [PDFMaker 转换失败]：0
---------------------------------------------------
===================================================
自动归档日志：

开始时间：2015年11月28日 1:48:31
Outlook 文件夹：对话操作设置
归档 PDF 文件：D:\Documents and Settings\lyz\My Documents\mail_achv20151125.pdf
请求转换：0
已转换为 PDF：0
跳过 [已在 PDF 中]：0
跳过 [PDFMaker 转换失败]：0
---------------------------------------------------
===================================================
自动归档日志：

开始时间：2015年11月28日 1:48:31
Outlook 文件夹：对话操作设置
归档 PDF 文件：D:\Documents and Settings\lyz\My Documents\mail_achv20151125.pdf
请求转换：0
已转换为 PDF：0
跳过 [已在 PDF 中]：0
跳过 [PDFMaker 转换失败]：0
---------------------------------------------------
===================================================
自动归档日志：

开始时间：2015年11月28日 1:48:31
Outlook 文件夹：已删除邮件
归档 PDF 文件：D:\Documents and Settings\lyz\My Documents\mail_achv20151125.pdf
请求转换：0
已转换为 PDF：0
跳过 [已在 PDF 中]：0
跳过 [PDFMaker 转换失败]：0
---------------------------------------------------
===================================================
自动归档日志：

开始时间：2015年11月28日 1:48:31
Outlook 文件夹：已删除邮件
归档 PDF 文件：D:\Documents and Settings\lyz\My Documents\mail_achv20151125.pdf
请求转换：0
已转换为 PDF：0
跳过 [已在 PDF 中]：0
跳过 [PDFMaker 转换失败]：0
---------------------------------------------------
===================================================
自动归档日志：

开始时间：2015年11月28日 1:48:31
Outlook 文件夹：POP
归档 PDF 文件：D:\Documents and Settings\lyz\My Documents\mail_achv20151125.pdf
请求转换：1
已转换为 PDF：0
跳过 [已在 PDF 中]：1
跳过 [PDFMaker 转换失败]：0
---------------------------------------------------
===================================================
自动归档日志：

开始时间：2015年11月28日 1:48:31
Outlook 文件夹：已发送邮件
归档 PDF 文件：D:\Documents and Settings\lyz\My Documents\mail_achv20151125.pdf
请求转换：162
已转换为 PDF：3
跳过 [已在 PDF 中]：159
跳过 [PDFMaker 转换失败]：0
---------------------------------------------------
===================================================
自动归档日志：

开始时间：2015年11月28日 1:48:31
Outlook 文件夹：快速步骤设置
归档 PDF 文件：D:\Documents and Settings\lyz\My Documents\mail_achv20151125.pdf
请求转换：0
已转换为 PDF：0
跳过 [已在 PDF 中]：0
跳过 [PDFMaker 转换失败]：0
---------------------------------------------------
===================================================
自动归档日志：

开始时间：2015年11月28日 1:48:31
Outlook 文件夹：快速步骤设置
归档 PDF 文件：D:\Documents and Settings\lyz\My Documents\mail_achv20151125.pdf
请求转换：0
已转换为 PDF：0
跳过 [已在 PDF 中]：0
跳过 [PDFMaker 转换失败]：0
---------------------------------------------------
===================================================
自动归档日志：

开始时间：2015年11月28日 13:14:02
Outlook 文件夹：polytech
归档 PDF 文件：D:\Documents and Settings\lyz\My Documents\mail_achv.pdf
请求转换：165
已转换为 PDF：0
跳过 [已在 PDF 中]：165
跳过 [PDFMaker 转换失败]：0
---------------------------------------------------
===================================================
自动归档日志：

开始时间：2015年11月28日 13:14:02
Outlook 文件夹：发件箱
归档 PDF 文件：D:\Documents and Settings\lyz\My Documents\mail_achv.pdf
请求转换：0
已转换为 PDF：0
跳过 [已在 PDF 中]：0
跳过 [PDFMaker 转换失败]：0
---------------------------------------------------
===================================================
自动归档日志：

开始时间：2015年11月28日 13:14:02
Outlook 文件夹：发件箱
归档 PDF 文件：D:\Documents and Settings\lyz\My Documents\mail_achv.pdf
请求转换：0
已转换为 PDF：0
跳过 [已在 PDF 中]：0
跳过 [PDFMaker 转换失败]：0
---------------------------------------------------
===================================================
自动归档日志：

开始时间：2015年11月28日 13:14:02
Outlook 文件夹：收件箱
归档 PDF 文件：D:\Documents and Settings\lyz\My Documents\mail_achv.pdf
请求转换：2176
已转换为 PDF：0
跳过 [已在 PDF 中]：658
跳过 [PDFMaker 转换失败]：1518

µç×ÓÓÊ¼þµ½ PDF ×ª»»µÄÏêÏ¸ÐÅÏ¢£º
×ª»»Ê§°Ü£º

---------------------------------------------------
===================================================
自动归档日志：

开始时间：2015年11月28日 13:14:02
Outlook 文件夹：leegggg0@hotmail.com
归档 PDF 文件：D:\Documents and Settings\lyz\My Documents\mail_achv20151125.pdf
请求转换：0
已转换为 PDF：0
跳过 [已在 PDF 中]：0
跳过 [PDFMaker 转换失败]：0
---------------------------------------------------
===================================================
自动归档日志：

开始时间：2015年11月28日 13:14:02
Outlook 文件夹：leegggg0@hotmail.com
归档 PDF 文件：D:\Documents and Settings\lyz\My Documents\mail_achv20151125.pdf
请求转换：0
已转换为 PDF：0
跳过 [已在 PDF 中]：0
跳过 [PDFMaker 转换失败]：0
---------------------------------------------------
===================================================
自动归档日志：

开始时间：2015年11月28日 13:14:02
Outlook 文件夹：@126 - leegggg
归档 PDF 文件：D:\Documents and Settings\lyz\My Documents\mail_achv20151125.pdf
请求转换：718
已转换为 PDF：0
跳过 [已在 PDF 中]：718
跳过 [PDFMaker 转换失败]：0
---------------------------------------------------
===================================================
自动归档日志：

开始时间：2015年11月28日 13:14:02
Outlook 文件夹：@leegggg.5gbfree - leegggg
归档 PDF 文件：D:\Documents and Settings\lyz\My Documents\mail_achv20151125.pdf
请求转换：0
已转换为 PDF：0
跳过 [已在 PDF 中]：0
跳过 [PDFMaker 转换失败]：0
---------------------------------------------------
===================================================
自动归档日志：

开始时间：2015年11月28日 13:14:02
Outlook 文件夹：@leegggg.5gbfree - leegggg
归档 PDF 文件：D:\Documents and Settings\lyz\My Documents\mail_achv20151125.pdf
请求转换：0
已转换为 PDF：0
跳过 [已在 PDF 中]：0
跳过 [PDFMaker 转换失败]：0
---------------------------------------------------
===================================================
自动归档日志：

开始时间：2015年11月28日 13:14:02
Outlook 文件夹：Archives
归档 PDF 文件：D:\Documents and Settings\lyz\My Documents\mail_achv20151125.pdf
请求转换：0
已转换为 PDF：0
跳过 [已在 PDF 中]：0
跳过 [PDFMaker 转换失败]：0
---------------------------------------------------
===================================================
自动归档日志：

开始时间：2015年11月28日 13:14:02
Outlook 文件夹：Archives
归档 PDF 文件：D:\Documents and Settings\lyz\My Documents\mail_achv20151125.pdf
请求转换：0
已转换为 PDF：0
跳过 [已在 PDF 中]：0
跳过 [PDFMaker 转换失败]：0
---------------------------------------------------
===================================================
自动归档日志：

开始时间：2015年11月28日 13:14:02
Outlook 文件夹：2014
归档 PDF 文件：D:\Documents and Settings\lyz\My Documents\mail_achv20151125.pdf
请求转换：0
已转换为 PDF：0
跳过 [已在 PDF 中]：0
跳过 [PDFMaker 转换失败]：0
---------------------------------------------------
===================================================
自动归档日志：

开始时间：2015年11月28日 13:14:02
Outlook 文件夹：2014
归档 PDF 文件：D:\Documents and Settings\lyz\My Documents\mail_achv20151125.pdf
请求转换：0
已转换为 PDF：0
跳过 [已在 PDF 中]：0
跳过 [PDFMaker 转换失败]：0
---------------------------------------------------
===================================================
自动归档日志：

开始时间：2015年11月28日 13:14:02
Outlook 文件夹：Galina@live.cn
归档 PDF 文件：D:\Documents and Settings\lyz\My Documents\mail_achv20151125.pdf
请求转换：49
已转换为 PDF：0
跳过 [已在 PDF 中]：49
跳过 [PDFMaker 转换失败]：0
---------------------------------------------------
===================================================
自动归档日志：

开始时间：2015年11月28日 13:14:02
Outlook 文件夹：googlealerts
归档 PDF 文件：D:\Documents and Settings\lyz\My Documents\mail_achv20151125.pdf
请求转换：5457
已转换为 PDF：0
跳过 [已在 PDF 中]：936
跳过 [PDFMaker 转换失败]：4521

µç×ÓÓÊ¼þµ½ PDF ×ª»»µÄÏêÏ¸ÐÅÏ¢£º
×ª»»Ê§°Ü£º

---------------------------------------------------
===================================================
自动归档日志：

开始时间：2015年11月28日 13:14:02
Outlook 文件夹：leegggg0@hotmail.com
归档 PDF 文件：D:\Documents and Settings\lyz\My Documents\mail_achv20151125.pdf
请求转换：0
已转换为 PDF：0
跳过 [已在 PDF 中]：0
跳过 [PDFMaker 转换失败]：0
---------------------------------------------------
===================================================
自动归档日志：

开始时间：2015年11月28日 13:14:02
Outlook 文件夹：leegggg0@hotmail.com
归档 PDF 文件：D:\Documents and Settings\lyz\My Documents\mail_achv20151125.pdf
请求转换：0
已转换为 PDF：0
跳过 [已在 PDF 中]：0
跳过 [PDFMaker 转换失败]：0
---------------------------------------------------
===================================================
自动归档日志：

开始时间：2015年11月28日 13:14:02
Outlook 文件夹：linyz1234@outlook.com
归档 PDF 文件：D:\Documents and Settings\lyz\My Documents\mail_achv20151125.pdf
请求转换：393
已转换为 PDF：2
跳过 [已在 PDF 中]：391
跳过 [PDFMaker 转换失败]：0
---------------------------------------------------
===================================================
自动归档日志：

开始时间：2015年11月28日 13:14:02
Outlook 文件夹：lyz1234@outlook.com
归档 PDF 文件：D:\Documents and Settings\lyz\My Documents\mail_achv20151125.pdf
请求转换：58
已转换为 PDF：0
跳过 [已在 PDF 中]：58
跳过 [PDFMaker 转换失败]：0
---------------------------------------------------
===================================================
自动归档日志：

开始时间：2015年11月28日 13:14:02
Outlook 文件夹：redshack
归档 PDF 文件：D:\Documents and Settings\lyz\My Documents\mail_achv20151125.pdf
请求转换：262
已转换为 PDF：0
跳过 [已在 PDF 中]：262
跳过 [PDFMaker 转换失败]：0
---------------------------------------------------
===================================================
自动归档日志：

开始时间：2015年11月28日 13:14:02
Outlook 文件夹：RSS
归档 PDF 文件：D:\Documents and Settings\lyz\My Documents\mail_achv20151125.pdf
请求转换：0
已转换为 PDF：0
跳过 [已在 PDF 中]：0
跳过 [PDFMaker 转换失败]：0
---------------------------------------------------
===================================================
自动归档日志：

开始时间：2015年11月28日 13:14:02
Outlook 文件夹：RSS
归档 PDF 文件：D:\Documents and Settings\lyz\My Documents\mail_achv20151125.pdf
请求转换：0
已转换为 PDF：0
跳过 [已在 PDF 中]：0
跳过 [PDFMaker 转换失败]：0
---------------------------------------------------
===================================================
自动归档日志：

开始时间：2015年11月28日 13:14:02
Outlook 文件夹：yizhou.lin@hotmail.com
归档 PDF 文件：D:\Documents and Settings\lyz\My Documents\mail_achv20151125.pdf
请求转换：0
已转换为 PDF：0
跳过 [已在 PDF 中]：0
跳过 [PDFMaker 转换失败]：0
---------------------------------------------------
===================================================
自动归档日志：

开始时间：2015年11月28日 13:14:02
Outlook 文件夹：yizhou.lin@hotmail.com
归档 PDF 文件：D:\Documents and Settings\lyz\My Documents\mail_achv20151125.pdf
请求转换：0
已转换为 PDF：0
跳过 [已在 PDF 中]：0
跳过 [PDFMaker 转换失败]：0
---------------------------------------------------
===================================================
自动归档日志：

开始时间：2015年11月28日 13:14:02
Outlook 文件夹：人人
归档 PDF 文件：D:\Documents and Settings\lyz\My Documents\mail_achv20151125.pdf
请求转换：28
已转换为 PDF：0
跳过 [已在 PDF 中]：28
跳过 [PDFMaker 转换失败]：0
---------------------------------------------------
===================================================
自动归档日志：

开始时间：2015年11月28日 13:14:02
Outlook 文件夹：发件箱
归档 PDF 文件：D:\Documents and Settings\lyz\My Documents\mail_achv20151125.pdf
请求转换：0
已转换为 PDF：0
跳过 [已在 PDF 中]：0
跳过 [PDFMaker 转换失败]：0
---------------------------------------------------
===================================================
自动归档日志：

开始时间：2015年11月28日 13:14:02
Outlook 文件夹：发件箱
归档 PDF 文件：D:\Documents and Settings\lyz\My Documents\mail_achv20151125.pdf
请求转换：0
已转换为 PDF：0
跳过 [已在 PDF 中]：0
跳过 [PDFMaker 转换失败]：0
---------------------------------------------------
===================================================
自动归档日志：

开始时间：2015年11月28日 13:14:02
Outlook 文件夹：同步问题 (仅限于此计算机)
归档 PDF 文件：D:\Documents and Settings\lyz\My Documents\mail_achv20151125.pdf
请求转换：0
已转换为 PDF：0
跳过 [已在 PDF 中]：0
跳过 [PDFMaker 转换失败]：0
---------------------------------------------------
===================================================
自动归档日志：

开始时间：2015年11月28日 13:14:02
Outlook 文件夹：同步问题 (仅限于此计算机)
归档 PDF 文件：D:\Documents and Settings\lyz\My Documents\mail_achv20151125.pdf
请求转换：0
已转换为 PDF：0
跳过 [已在 PDF 中]：0
跳过 [PDFMaker 转换失败]：0
---------------------------------------------------
===================================================
自动归档日志：

开始时间：2015年11月28日 13:14:02
Outlook 文件夹：冲突
归档 PDF 文件：D:\Documents and Settings\lyz\My Documents\mail_achv20151125.pdf
请求转换：0
已转换为 PDF：0
跳过 [已在 PDF 中]：0
跳过 [PDFMaker 转换失败]：0
---------------------------------------------------
===================================================
自动归档日志：

开始时间：2015年11月28日 13:14:02
Outlook 文件夹：冲突
归档 PDF 文件：D:\Documents and Settings\lyz\My Documents\mail_achv20151125.pdf
请求转换：0
已转换为 PDF：0
跳过 [已在 PDF 中]：0
跳过 [PDFMaker 转换失败]：0
---------------------------------------------------
===================================================
自动归档日志：

开始时间：2015年11月28日 13:14:02
Outlook 文件夹：本地故障
归档 PDF 文件：D:\Documents and Settings\lyz\My Documents\mail_achv20151125.pdf
请求转换：0
已转换为 PDF：0
跳过 [已在 PDF 中]：0
跳过 [PDFMaker 转换失败]：0
---------------------------------------------------
===================================================
自动归档日志：

开始时间：2015年11月28日 13:14:02
Outlook 文件夹：本地故障
归档 PDF 文件：D:\Documents and Settings\lyz\My Documents\mail_achv20151125.pdf
请求转换：0
已转换为 PDF：0
跳过 [已在 PDF 中]：0
跳过 [PDFMaker 转换失败]：0
---------------------------------------------------
===================================================
自动归档日志：

开始时间：2015年11月28日 13:14:02
Outlook 文件夹：垃圾邮件
归档 PDF 文件：D:\Documents and Settings\lyz\My Documents\mail_achv20151125.pdf
请求转换：28
已转换为 PDF：3
跳过 [已在 PDF 中]：25
跳过 [PDFMaker 转换失败]：0
---------------------------------------------------
===================================================
自动归档日志：

开始时间：2015年11月28日 13:14:02
Outlook 文件夹：对话操作设置
归档 PDF 文件：D:\Documents and Settings\lyz\My Documents\mail_achv20151125.pdf
请求转换：0
已转换为 PDF：0
跳过 [已在 PDF 中]：0
跳过 [PDFMaker 转换失败]：0
---------------------------------------------------
===================================================
自动归档日志：

开始时间：2015年11月28日 13:14:02
Outlook 文件夹：对话操作设置
归档 PDF 文件：D:\Documents and Settings\lyz\My Documents\mail_achv20151125.pdf
请求转换：0
已转换为 PDF：0
跳过 [已在 PDF 中]：0
跳过 [PDFMaker 转换失败]：0
---------------------------------------------------
===================================================
自动归档日志：

开始时间：2015年11月28日 13:14:02
Outlook 文件夹：已删除邮件
归档 PDF 文件：D:\Documents and Settings\lyz\My Documents\mail_achv20151125.pdf
请求转换：0
已转换为 PDF：0
跳过 [已在 PDF 中]：0
跳过 [PDFMaker 转换失败]：0
---------------------------------------------------
===================================================
自动归档日志：

开始时间：2015年11月28日 13:14:02
Outlook 文件夹：已删除邮件
归档 PDF 文件：D:\Documents and Settings\lyz\My Documents\mail_achv20151125.pdf
请求转换：0
已转换为 PDF：0
跳过 [已在 PDF 中]：0
跳过 [PDFMaker 转换失败]：0
---------------------------------------------------
===================================================
自动归档日志：

开始时间：2015年11月28日 13:14:02
Outlook 文件夹：POP
归档 PDF 文件：D:\Documents and Settings\lyz\My Documents\mail_achv20151125.pdf
请求转换：1
已转换为 PDF：0
跳过 [已在 PDF 中]：1
跳过 [PDFMaker 转换失败]：0
---------------------------------------------------
===================================================
自动归档日志：

开始时间：2015年11月28日 13:14:02
Outlook 文件夹：已发送邮件
归档 PDF 文件：D:\Documents and Settings\lyz\My Documents\mail_achv20151125.pdf
请求转换：162
已转换为 PDF：3
跳过 [已在 PDF 中]：159
跳过 [PDFMaker 转换失败]：0
---------------------------------------------------
===================================================
自动归档日志：

开始时间：2015年11月28日 13:14:02
Outlook 文件夹：快速步骤设置
归档 PDF 文件：D:\Documents and Settings\lyz\My Documents\mail_achv20151125.pdf
请求转换：0
已转换为 PDF：0
跳过 [已在 PDF 中]：0
跳过 [PDFMaker 转换失败]：0
---------------------------------------------------
===================================================
自动归档日志：

开始时间：2015年11月28日 13:14:02
Outlook 文件夹：快速步骤设置
归档 PDF 文件：D:\Documents and Settings\lyz\My Documents\mail_achv20151125.pdf
请求转换：0
已转换为 PDF：0
跳过 [已在 PDF 中]：0
跳过 [PDFMaker 转换失败]：0
---------------------------------------------------
===================================================
自动归档日志：

开始时间：2015年11月29日 21:06:11
Outlook 文件夹：polytech
归档 PDF 文件：D:\Documents and Settings\lyz\My Documents\mail_achv.pdf
请求转换：167
已转换为 PDF：2
跳过 [已在 PDF 中]：165
跳过 [PDFMaker 转换失败]：0
---------------------------------------------------
===================================================
自动归档日志：

开始时间：2015年11月29日 21:06:11
Outlook 文件夹：发件箱
归档 PDF 文件：D:\Documents and Settings\lyz\My Documents\mail_achv.pdf
请求转换：0
已转换为 PDF：0
跳过 [已在 PDF 中]：0
跳过 [PDFMaker 转换失败]：0
---------------------------------------------------
===================================================
自动归档日志：

开始时间：2015年11月29日 21:06:11
Outlook 文件夹：发件箱
归档 PDF 文件：D:\Documents and Settings\lyz\My Documents\mail_achv.pdf
请求转换：0
已转换为 PDF：0
跳过 [已在 PDF 中]：0
跳过 [PDFMaker 转换失败]：0
---------------------------------------------------
